Change Dir: 'C:/Program Files (x86)/Steam/steamapps/common/Quake 2/rerelease/SuperDuper/rerelease/vcpkg_installed/x64-windows-static/vcpkg/blds/fmt/x64-windows-static-rel'

Run Build Command(s): "C:/Program Files/Microsoft Visual Studio/2022/Community/Common7/IDE/CommonExtensions/Microsoft/CMake/Ninja/ninja.exe" -v -v -j17 install
[1/4] C:\PROGRA~1\MIB055~1\2022\COMMUN~1\VC\Tools\MSVC\1441~1.341\bin\Hostx64\x64\cl.exe   /TP -DFMT_LOCALE -I"C:\Program Files (x86)\Steam\steamapps\common\Quake 2\rerelease\SuperDuper\rerelease\vcpkg_installed\x64-windows-static\vcpkg\blds\fmt\src\2b3b374f0b-8ea71ee8ea.clean\include" /nologo /DWIN32 /D_WINDOWS /W3 /utf-8 /GR /EHsc /MP  /MT /O2 /Oi /Gy /DNDEBUG /Z7  -MT /showIncludes /FoCMakeFiles\fmt.dir\src\os.cc.obj /FdCMakeFiles\fmt.dir\fmt.pdb /FS -c "C:\Program Files (x86)\Steam\steamapps\common\Quake 2\rerelease\SuperDuper\rerelease\vcpkg_installed\x64-windows-static\vcpkg\blds\fmt\src\2b3b374f0b-8ea71ee8ea.clean\src\os.cc"
[2/4] C:\PROGRA~1\MIB055~1\2022\COMMUN~1\VC\Tools\MSVC\1441~1.341\bin\Hostx64\x64\cl.exe   /TP -DFMT_LOCALE -I"C:\Program Files (x86)\Steam\steamapps\common\Quake 2\rerelease\SuperDuper\rerelease\vcpkg_installed\x64-windows-static\vcpkg\blds\fmt\src\2b3b374f0b-8ea71ee8ea.clean\include" /nologo /DWIN32 /D_WINDOWS /W3 /utf-8 /GR /EHsc /MP  /MT /O2 /Oi /Gy /DNDEBUG /Z7  -MT /showIncludes /FoCMakeFiles\fmt.dir\src\format.cc.obj /FdCMakeFiles\fmt.dir\fmt.pdb /FS -c "C:\Program Files (x86)\Steam\steamapps\common\Quake 2\rerelease\SuperDuper\rerelease\vcpkg_installed\x64-windows-static\vcpkg\blds\fmt\src\2b3b374f0b-8ea71ee8ea.clean\src\format.cc"
[3/4] C:\WINDOWS\system32\cmd.exe /C "cd . && C:\PROGRA~1\MIB055~1\2022\COMMUN~1\VC\Tools\MSVC\1441~1.341\bin\Hostx64\x64\lib.exe  /machine:x64 /nologo /out:fmt.lib CMakeFiles\fmt.dir\src\format.cc.obj CMakeFiles\fmt.dir\src\os.cc.obj && cd ."
[3/4-- Install configuration: "Release"
-- Installing: C:/Program Files (x86)/Steam/steamapps/common/Quake 2/rerelease/SuperDuper/rerelease/vcpkg_installed/x64-windows-static/vcpkg/pkgs/fmt_x64-windows-static/share/fmt/fmt-config.cmake
-- Installing: C:/Program Files (x86)/Steam/steamapps/common/Quake 2/rerelease/SuperDuper/rerelease/vcpkg_installed/x64-windows-static/vcpkg/pkgs/fmt_x64-windows-static/share/fmt/fmt-config-version.cmake
-- Installing: C:/Program Files (x86)/Steam/steamapps/common/Quake 2/rerelease/SuperDuper/rerelease/vcpkg_installed/x64-windows-static/vcpkg/pkgs/fmt_x64-windows-static/share/fmt/fmt-targets.cmake
-- Installing: C:/Program Files (x86)/Steam/steamapps/common/Quake 2/rerelease/SuperDuper/rerelease/vcpkg_installed/x64-windows-static/vcpkg/pkgs/fmt_x64-windows-static/share/fmt/fmt-targets-release.cmake
-- Installing: C:/Program Files (x86)/Steam/steamapps/common/Quake 2/rerelease/SuperDuper/rerelease/vcpkg_installed/x64-windows-static/vcpkg/pkgs/fmt_x64-windows-static/lib/fmt.lib
-- Installing: C:/Program Files (x86)/Steam/steamapps/common/Quake 2/rerelease/SuperDuper/rerelease/vcpkg_installed/x64-windows-static/vcpkg/pkgs/fmt_x64-windows-static/include/fmt/chrono.h
-- Installing: C:/Program Files (x86)/Steam/steamapps/common/Quake 2/rerelease/SuperDuper/rerelease/vcpkg_installed/x64-windows-static/vcpkg/pkgs/fmt_x64-windows-static/include/fmt/color.h
-- Installing: C:/Program Files (x86)/Steam/steamapps/common/Quake 2/rerelease/SuperDuper/rerelease/vcpkg_installed/x64-windows-static/vcpkg/pkgs/fmt_x64-windows-static/include/fmt/compile.h
-- Installing: C:/Program Files (x86)/Steam/steamapps/common/Quake 2/rerelease/SuperDuper/rerelease/vcpkg_installed/x64-windows-static/vcpkg/pkgs/fmt_x64-windows-static/include/fmt/core.h
-- Installing: C:/Program Files (x86)/Steam/steamapps/common/Quake 2/rerelease/SuperDuper/rerelease/vcpkg_installed/x64-windows-static/vcpkg/pkgs/fmt_x64-windows-static/include/fmt/format.h
-- Installing: C:/Program Files (x86)/Steam/steamapps/common/Quake 2/rerelease/SuperDuper/rerelease/vcpkg_installed/x64-windows-static/vcpkg/pkgs/fmt_x64-windows-static/include/fmt/format-inl.h
-- Installing: C:/Program Files (x86)/Steam/steamapps/common/Quake 2/rerelease/SuperDuper/rerelease/vcpkg_installed/x64-windows-static/vcpkg/pkgs/fmt_x64-windows-static/include/fmt/locale.h
-- Installing: C:/Program Files (x86)/Steam/steamapps/common/Quake 2/rerelease/SuperDuper/rerelease/vcpkg_installed/x64-windows-static/vcpkg/pkgs/fmt_x64-windows-static/include/fmt/os.h
-- Installing: C:/Program Files (x86)/Steam/steamapps/common/Quake 2/rerelease/SuperDuper/rerelease/vcpkg_installed/x64-windows-static/vcpkg/pkgs/fmt_x64-windows-static/include/fmt/ostream.h
-- Installing: C:/Program Files (x86)/Steam/steamapps/common/Quake 2/rerelease/SuperDuper/rerelease/vcpkg_installed/x64-windows-static/vcpkg/pkgs/fmt_x64-windows-static/include/fmt/posix.h
-- Installing: C:/Program Files (x86)/Steam/steamapps/common/Quake 2/rerelease/SuperDuper/rerelease/vcpkg_installed/x64-windows-static/vcpkg/pkgs/fmt_x64-windows-static/include/fmt/printf.h
-- Installing: C:/Program Files (x86)/Steam/steamapps/common/Quake 2/rerelease/SuperDuper/rerelease/vcpkg_installed/x64-windows-static/vcpkg/pkgs/fmt_x64-windows-static/include/fmt/ranges.h
-- Installing: C:/Program Files (x86)/Steam/steamapps/common/Quake 2/rerelease/SuperDuper/rerelease/vcpkg_installed/x64-windows-static/vcpkg/pkgs/fmt_x64-windows-static/lib/pkgconfig/fmt.pc
] C:\WINDOWS\system32\cmd.exe /C "cd /D "C:\Program Files (x86)\Steam\steamapps\common\Quake 2\rerelease\SuperDuper\rerelease\vcpkg_installed\x64-windows-static\vcpkg\blds\fmt\x64-windows-static-rel" && C:\Users\carde\AppData\Local\vcpkg\downloads\tools\cmake-3.29.2-windows\cmake-3.29.2-windows-i386\bin\cmake.exe -P cmake_install.cmake"

