[1/2] "C:/Users/carde/AppData/Local/vcpkg/downloads/tools/cmake-3.29.2-windows/cmake-3.29.2-windows-i386/bin/cmake.exe" -E chdir ".." "C:/Users/carde/AppData/Local/vcpkg/downloads/tools/cmake-3.29.2-windows/cmake-3.29.2-windows-i386/bin/cmake.exe" "C:/Program Files (x86)/Steam/steamapps/common/Quake 2/rerelease/SuperDuper/rerelease/vcpkg_installed/x64-windows-static/vcpkg/blds/jsoncpp/src/3918c327b1-034a82149a.clean" "-G" "Ninja" "-DCMAKE_BUILD_TYPE=Release" "-DCMAKE_INSTALL_PREFIX=C:/Program Files (x86)/Steam/steamapps/common/Quake 2/rerelease/SuperDuper/rerelease/vcpkg_installed/x64-windows-static/vcpkg/pkgs/jsoncpp_x64-windows-static" "-DJSONCPP_WITH_CMAKE_PACKAGE=ON" "-DBUILD_STATIC_LIBS=1" "-DJSONCPP_WITH_PKGCONFIG_SUPPORT=OFF" "-DJSONCPP_WITH_POST_BUILD_UNITTEST=OFF" "-DJSONCPP_WITH_TESTS=OFF" "-DJSONCPP_WITH_EXAMPLE=OFF" "-DCMAKE_MAKE_PROGRAM=C:/Program Files/Microsoft Visual Studio/2022/Community/Common7/IDE/CommonExtensions/Microsoft/CMake/Ninja/ninja.exe" "-DBUILD_SHARED_LIBS=OFF" "-DVCPKG_CHAINLOAD_TOOLCHAIN_FILE=C:/Program Files/Microsoft Visual Studio/2022/Community/VC/vcpkg/scripts/toolchains/windows.cmake" "-DVCPKG_TARGET_TRIPLET=x64-windows-static" "-DVCPKG_SET_CHARSET_FLAG=ON" "-DVCPKG_PLATFORM_TOOLSET=v143" "-DCMAKE_EXPORT_NO_PACKAGE_REGISTRY=ON" "-DCMAKE_FIND_PACKAGE_NO_PACKAGE_REGISTRY=ON" "-DCMAKE_FIND_PACKAGE_NO_SYSTEM_PACKAGE_REGISTRY=ON" "-DCMAKE_INSTALL_SYSTEM_RUNTIME_LIBS_SKIP=TRUE" "-DCMAKE_VERBOSE_MAKEFILE=ON" "-DVCPKG_APPLOCAL_DEPS=OFF" "-DCMAKE_TOOLCHAIN_FILE=C:/Program Files/Microsoft Visual Studio/2022/Community/VC/vcpkg/scripts/buildsystems/vcpkg.cmake" "-DCMAKE_ERROR_ON_ABSOLUTE_INSTALL_DESTINATION=ON" "-DVCPKG_CXX_FLAGS=" "-DVCPKG_CXX_FLAGS_RELEASE=" "-DVCPKG_CXX_FLAGS_DEBUG=" "-DVCPKG_C_FLAGS=" "-DVCPKG_C_FLAGS_RELEASE=" "-DVCPKG_C_FLAGS_DEBUG=" "-DVCPKG_CRT_LINKAGE=static" "-DVCPKG_LINKER_FLAGS=" "-DVCPKG_LINKER_FLAGS_RELEASE=" "-DVCPKG_LINKER_FLAGS_DEBUG=" "-DVCPKG_TARGET_ARCHITECTURE=x64" "-DCMAKE_INSTALL_LIBDIR:STRING=lib" "-DCMAKE_INSTALL_BINDIR:STRING=bin" "-D_VCPKG_ROOT_DIR=C:/Program Files/Microsoft Visual Studio/2022/Community/VC/vcpkg/" "-DZ_VCPKG_ROOT_DIR=C:/Program Files/Microsoft Visual Studio/2022/Community/VC/vcpkg/" "-D_VCPKG_INSTALLED_DIR=C:/Program Files (x86)/Steam/steamapps/common/Quake 2/rerelease/SuperDuper/rerelease/vcpkg_installed/x64-windows-static/" "-DVCPKG_MANIFEST_INSTALL=OFF"
-- The CXX compiler identification is MSVC 19.41.34120.0
-- Detecting CXX compiler ABI info
CMake Warning in C:/Program Files (x86)/Steam/steamapps/common/Quake 2/rerelease/SuperDuper/rerelease/vcpkg_installed/x64-windows-static/vcpkg/blds/jsoncpp/x64-windows-static-rel/CMakeFiles/CMakeScratch/TryCompile-hr2bnf/CMakeLists.txt:
  The object file directory

    C:/Program Files (x86)/Steam/steamapps/common/Quake 2/rerelease/SuperDuper/rerelease/vcpkg_installed/x64-windows-static/vcpkg/blds/jsoncpp/x64-windows-static-rel/CMakeFiles/CMakeScratch/TryCompile-hr2bnf/CMakeFiles/cmTC_3c1be.dir/./

  has 232 characters.  The maximum full path to an object file is 250
  characters (see CMAKE_OBJECT_PATH_MAX).  Object file

    CMakeCXXCompilerABI.cpp.obj

  cannot be safely placed under this directory.  The build may not work
  correctly.


-- Detecting CXX compiler ABI info - done
-- Check for working CXX compiler: C:/Program Files/Microsoft Visual Studio/2022/Community/VC/Tools/MSVC/14.41.34120/bin/Hostx64/x64/cl.exe - skipped
-- Detecting CXX compile features
-- Detecting CXX compile features - done
-- JsonCpp Version: 1.9.4
-- Looking for C++ include clocale
CMake Warning in C:/Program Files (x86)/Steam/steamapps/common/Quake 2/rerelease/SuperDuper/rerelease/vcpkg_installed/x64-windows-static/vcpkg/blds/jsoncpp/x64-windows-static-rel/CMakeFiles/CMakeScratch/TryCompile-l3bdyx/CMakeLists.txt:
  The object file directory

    C:/Program Files (x86)/Steam/steamapps/common/Quake 2/rerelease/SuperDuper/rerelease/vcpkg_installed/x64-windows-static/vcpkg/blds/jsoncpp/x64-windows-static-rel/CMakeFiles/CMakeScratch/TryCompile-l3bdyx/CMakeFiles/cmTC_f9042.dir/./

  has 232 characters.  The maximum full path to an object file is 250
  characters (see CMAKE_OBJECT_PATH_MAX).  Object file

    CheckIncludeFile.cxx.obj

  cannot be safely placed under this directory.  The build may not work
  correctly.


-- Looking for C++ include clocale - found
-- Looking for localeconv
CMake Warning in C:/Program Files (x86)/Steam/steamapps/common/Quake 2/rerelease/SuperDuper/rerelease/vcpkg_installed/x64-windows-static/vcpkg/blds/jsoncpp/x64-windows-static-rel/CMakeFiles/CMakeScratch/TryCompile-15bdkk/CMakeLists.txt:
  The object file directory

    C:/Program Files (x86)/Steam/steamapps/common/Quake 2/rerelease/SuperDuper/rerelease/vcpkg_installed/x64-windows-static/vcpkg/blds/jsoncpp/x64-windows-static-rel/CMakeFiles/CMakeScratch/TryCompile-15bdkk/CMakeFiles/cmTC_1c9c8.dir/./

  has 232 characters.  The maximum full path to an object file is 250
  characters (see CMAKE_OBJECT_PATH_MAX).  Object file

    CheckSymbolExists.cxx.obj

  cannot be safely placed under this directory.  The build may not work
  correctly.


-- Looking for localeconv - found
-- Looking for C++ include sys/types.h
CMake Warning in C:/Program Files (x86)/Steam/steamapps/common/Quake 2/rerelease/SuperDuper/rerelease/vcpkg_installed/x64-windows-static/vcpkg/blds/jsoncpp/x64-windows-static-rel/CMakeFiles/CMakeScratch/TryCompile-xadnqs/CMakeLists.txt:
  The object file directory

    C:/Program Files (x86)/Steam/steamapps/common/Quake 2/rerelease/SuperDuper/rerelease/vcpkg_installed/x64-windows-static/vcpkg/blds/jsoncpp/x64-windows-static-rel/CMakeFiles/CMakeScratch/TryCompile-xadnqs/CMakeFiles/cmTC_1ac52.dir/./

  has 232 characters.  The maximum full path to an object file is 250
  characters (see CMAKE_OBJECT_PATH_MAX).  Object file

    CheckIncludeFile.cxx.obj

  cannot be safely placed under this directory.  The build may not work
  correctly.


-- Looking for C++ include sys/types.h - found
-- Looking for C++ include stdint.h
CMake Warning in C:/Program Files (x86)/Steam/steamapps/common/Quake 2/rerelease/SuperDuper/rerelease/vcpkg_installed/x64-windows-static/vcpkg/blds/jsoncpp/x64-windows-static-rel/CMakeFiles/CMakeScratch/TryCompile-cizcsq/CMakeLists.txt:
  The object file directory

    C:/Program Files (x86)/Steam/steamapps/common/Quake 2/rerelease/SuperDuper/rerelease/vcpkg_installed/x64-windows-static/vcpkg/blds/jsoncpp/x64-windows-static-rel/CMakeFiles/CMakeScratch/TryCompile-cizcsq/CMakeFiles/cmTC_62744.dir/./

  has 232 characters.  The maximum full path to an object file is 250
  characters (see CMAKE_OBJECT_PATH_MAX).  Object file

    CheckIncludeFile.cxx.obj

  cannot be safely placed under this directory.  The build may not work
  correctly.


-- Looking for C++ include stdint.h - found
-- Looking for C++ include stddef.h
CMake Warning in C:/Program Files (x86)/Steam/steamapps/common/Quake 2/rerelease/SuperDuper/rerelease/vcpkg_installed/x64-windows-static/vcpkg/blds/jsoncpp/x64-windows-static-rel/CMakeFiles/CMakeScratch/TryCompile-p85q24/CMakeLists.txt:
  The object file directory

    C:/Program Files (x86)/Steam/steamapps/common/Quake 2/rerelease/SuperDuper/rerelease/vcpkg_installed/x64-windows-static/vcpkg/blds/jsoncpp/x64-windows-static-rel/CMakeFiles/CMakeScratch/TryCompile-p85q24/CMakeFiles/cmTC_ec03c.dir/./

  has 232 characters.  The maximum full path to an object file is 250
  characters (see CMAKE_OBJECT_PATH_MAX).  Object file

    CheckIncludeFile.cxx.obj

  cannot be safely placed under this directory.  The build may not work
  correctly.


-- Looking for C++ include stddef.h - found
-- Check size of lconv
-- Check size of lconv - done
-- Performing Test HAVE_DECIMAL_POINT
-- Performing Test HAVE_DECIMAL_POINT - Success
-- Configuring done (5.3s)
-- Generating done (0.0s)
CMake Warning:
  Manually-specified variables were not used by the project:

    _VCPKG_ROOT_DIR


-- Build files have been written to: C:/Program Files (x86)/Steam/steamapps/common/Quake 2/rerelease/SuperDuper/rerelease/vcpkg_installed/x64-windows-static/vcpkg/blds/jsoncpp/x64-windows-static-rel
[2/2] "C:/Users/carde/AppData/Local/vcpkg/downloads/tools/cmake-3.29.2-windows/cmake-3.29.2-windows-i386/bin/cmake.exe" -E chdir "../../x64-windows-static-dbg" "C:/Users/carde/AppData/Local/vcpkg/downloads/tools/cmake-3.29.2-windows/cmake-3.29.2-windows-i386/bin/cmake.exe" "C:/Program Files (x86)/Steam/steamapps/common/Quake 2/rerelease/SuperDuper/rerelease/vcpkg_installed/x64-windows-static/vcpkg/blds/jsoncpp/src/3918c327b1-034a82149a.clean" "-G" "Ninja" "-DCMAKE_BUILD_TYPE=Debug" "-DCMAKE_INSTALL_PREFIX=C:/Program Files (x86)/Steam/steamapps/common/Quake 2/rerelease/SuperDuper/rerelease/vcpkg_installed/x64-windows-static/vcpkg/pkgs/jsoncpp_x64-windows-static/debug" "-DJSONCPP_WITH_CMAKE_PACKAGE=ON" "-DBUILD_STATIC_LIBS=1" "-DJSONCPP_WITH_PKGCONFIG_SUPPORT=OFF" "-DJSONCPP_WITH_POST_BUILD_UNITTEST=OFF" "-DJSONCPP_WITH_TESTS=OFF" "-DJSONCPP_WITH_EXAMPLE=OFF" "-DCMAKE_MAKE_PROGRAM=C:/Program Files/Microsoft Visual Studio/2022/Community/Common7/IDE/CommonExtensions/Microsoft/CMake/Ninja/ninja.exe" "-DBUILD_SHARED_LIBS=OFF" "-DVCPKG_CHAINLOAD_TOOLCHAIN_FILE=C:/Program Files/Microsoft Visual Studio/2022/Community/VC/vcpkg/scripts/toolchains/windows.cmake" "-DVCPKG_TARGET_TRIPLET=x64-windows-static" "-DVCPKG_SET_CHARSET_FLAG=ON" "-DVCPKG_PLATFORM_TOOLSET=v143" "-DCMAKE_EXPORT_NO_PACKAGE_REGISTRY=ON" "-DCMAKE_FIND_PACKAGE_NO_PACKAGE_REGISTRY=ON" "-DCMAKE_FIND_PACKAGE_NO_SYSTEM_PACKAGE_REGISTRY=ON" "-DCMAKE_INSTALL_SYSTEM_RUNTIME_LIBS_SKIP=TRUE" "-DCMAKE_VERBOSE_MAKEFILE=ON" "-DVCPKG_APPLOCAL_DEPS=OFF" "-DCMAKE_TOOLCHAIN_FILE=C:/Program Files/Microsoft Visual Studio/2022/Community/VC/vcpkg/scripts/buildsystems/vcpkg.cmake" "-DCMAKE_ERROR_ON_ABSOLUTE_INSTALL_DESTINATION=ON" "-DVCPKG_CXX_FLAGS=" "-DVCPKG_CXX_FLAGS_RELEASE=" "-DVCPKG_CXX_FLAGS_DEBUG=" "-DVCPKG_C_FLAGS=" "-DVCPKG_C_FLAGS_RELEASE=" "-DVCPKG_C_FLAGS_DEBUG=" "-DVCPKG_CRT_LINKAGE=static" "-DVCPKG_LINKER_FLAGS=" "-DVCPKG_LINKER_FLAGS_RELEASE=" "-DVCPKG_LINKER_FLAGS_DEBUG=" "-DVCPKG_TARGET_ARCHITECTURE=x64" "-DCMAKE_INSTALL_LIBDIR:STRING=lib" "-DCMAKE_INSTALL_BINDIR:STRING=bin" "-D_VCPKG_ROOT_DIR=C:/Program Files/Microsoft Visual Studio/2022/Community/VC/vcpkg/" "-DZ_VCPKG_ROOT_DIR=C:/Program Files/Microsoft Visual Studio/2022/Community/VC/vcpkg/" "-D_VCPKG_INSTALLED_DIR=C:/Program Files (x86)/Steam/steamapps/common/Quake 2/rerelease/SuperDuper/rerelease/vcpkg_installed/x64-windows-static/" "-DVCPKG_MANIFEST_INSTALL=OFF"
-- The CXX compiler identification is MSVC 19.41.34120.0
-- Detecting CXX compiler ABI info
CMake Warning in C:/Program Files (x86)/Steam/steamapps/common/Quake 2/rerelease/SuperDuper/rerelease/vcpkg_installed/x64-windows-static/vcpkg/blds/jsoncpp/x64-windows-static-dbg/CMakeFiles/CMakeScratch/TryCompile-bmpist/CMakeLists.txt:
  The object file directory

    C:/Program Files (x86)/Steam/steamapps/common/Quake 2/rerelease/SuperDuper/rerelease/vcpkg_installed/x64-windows-static/vcpkg/blds/jsoncpp/x64-windows-static-dbg/CMakeFiles/CMakeScratch/TryCompile-bmpist/CMakeFiles/cmTC_f8095.dir/./

  has 232 characters.  The maximum full path to an object file is 250
  characters (see CMAKE_OBJECT_PATH_MAX).  Object file

    CMakeCXXCompilerABI.cpp.obj

  cannot be safely placed under this directory.  The build may not work
  correctly.


-- Detecting CXX compiler ABI info - done
-- Check for working CXX compiler: C:/Program Files/Microsoft Visual Studio/2022/Community/VC/Tools/MSVC/14.41.34120/bin/Hostx64/x64/cl.exe - skipped
-- Detecting CXX compile features
-- Detecting CXX compile features - done
-- JsonCpp Version: 1.9.4
-- Looking for C++ include clocale
CMake Warning in C:/Program Files (x86)/Steam/steamapps/common/Quake 2/rerelease/SuperDuper/rerelease/vcpkg_installed/x64-windows-static/vcpkg/blds/jsoncpp/x64-windows-static-dbg/CMakeFiles/CMakeScratch/TryCompile-9y0hq8/CMakeLists.txt:
  The object file directory

    C:/Program Files (x86)/Steam/steamapps/common/Quake 2/rerelease/SuperDuper/rerelease/vcpkg_installed/x64-windows-static/vcpkg/blds/jsoncpp/x64-windows-static-dbg/CMakeFiles/CMakeScratch/TryCompile-9y0hq8/CMakeFiles/cmTC_26d6e.dir/./

  has 232 characters.  The maximum full path to an object file is 250
  characters (see CMAKE_OBJECT_PATH_MAX).  Object file

    CheckIncludeFile.cxx.obj

  cannot be safely placed under this directory.  The build may not work
  correctly.


-- Looking for C++ include clocale - found
-- Looking for localeconv
CMake Warning in C:/Program Files (x86)/Steam/steamapps/common/Quake 2/rerelease/SuperDuper/rerelease/vcpkg_installed/x64-windows-static/vcpkg/blds/jsoncpp/x64-windows-static-dbg/CMakeFiles/CMakeScratch/TryCompile-67hvyc/CMakeLists.txt:
  The object file directory

    C:/Program Files (x86)/Steam/steamapps/common/Quake 2/rerelease/SuperDuper/rerelease/vcpkg_installed/x64-windows-static/vcpkg/blds/jsoncpp/x64-windows-static-dbg/CMakeFiles/CMakeScratch/TryCompile-67hvyc/CMakeFiles/cmTC_1efe1.dir/./

  has 232 characters.  The maximum full path to an object file is 250
  characters (see CMAKE_OBJECT_PATH_MAX).  Object file

    CheckSymbolExists.cxx.obj

  cannot be safely placed under this directory.  The build may not work
  correctly.


-- Looking for localeconv - found
-- Looking for C++ include sys/types.h
CMake Warning in C:/Program Files (x86)/Steam/steamapps/common/Quake 2/rerelease/SuperDuper/rerelease/vcpkg_installed/x64-windows-static/vcpkg/blds/jsoncpp/x64-windows-static-dbg/CMakeFiles/CMakeScratch/TryCompile-pu14fg/CMakeLists.txt:
  The object file directory

    C:/Program Files (x86)/Steam/steamapps/common/Quake 2/rerelease/SuperDuper/rerelease/vcpkg_installed/x64-windows-static/vcpkg/blds/jsoncpp/x64-windows-static-dbg/CMakeFiles/CMakeScratch/TryCompile-pu14fg/CMakeFiles/cmTC_69f66.dir/./

  has 232 characters.  The maximum full path to an object file is 250
  characters (see CMAKE_OBJECT_PATH_MAX).  Object file

    CheckIncludeFile.cxx.obj

  cannot be safely placed under this directory.  The build may not work
  correctly.


-- Looking for C++ include sys/types.h - found
-- Looking for C++ include stdint.h
CMake Warning in C:/Program Files (x86)/Steam/steamapps/common/Quake 2/rerelease/SuperDuper/rerelease/vcpkg_installed/x64-windows-static/vcpkg/blds/jsoncpp/x64-windows-static-dbg/CMakeFiles/CMakeScratch/TryCompile-l8vtd0/CMakeLists.txt:
  The object file directory

    C:/Program Files (x86)/Steam/steamapps/common/Quake 2/rerelease/SuperDuper/rerelease/vcpkg_installed/x64-windows-static/vcpkg/blds/jsoncpp/x64-windows-static-dbg/CMakeFiles/CMakeScratch/TryCompile-l8vtd0/CMakeFiles/cmTC_73a8e.dir/./

  has 232 characters.  The maximum full path to an object file is 250
  characters (see CMAKE_OBJECT_PATH_MAX).  Object file

    CheckIncludeFile.cxx.obj

  cannot be safely placed under this directory.  The build may not work
  correctly.


-- Looking for C++ include stdint.h - found
-- Looking for C++ include stddef.h
CMake Warning in C:/Program Files (x86)/Steam/steamapps/common/Quake 2/rerelease/SuperDuper/rerelease/vcpkg_installed/x64-windows-static/vcpkg/blds/jsoncpp/x64-windows-static-dbg/CMakeFiles/CMakeScratch/TryCompile-l1vkr7/CMakeLists.txt:
  The object file directory

    C:/Program Files (x86)/Steam/steamapps/common/Quake 2/rerelease/SuperDuper/rerelease/vcpkg_installed/x64-windows-static/vcpkg/blds/jsoncpp/x64-windows-static-dbg/CMakeFiles/CMakeScratch/TryCompile-l1vkr7/CMakeFiles/cmTC_0438d.dir/./

  has 232 characters.  The maximum full path to an object file is 250
  characters (see CMAKE_OBJECT_PATH_MAX).  Object file

    CheckIncludeFile.cxx.obj

  cannot be safely placed under this directory.  The build may not work
  correctly.


-- Looking for C++ include stddef.h - found
-- Check size of lconv
-- Check size of lconv - done
-- Performing Test HAVE_DECIMAL_POINT
-- Performing Test HAVE_DECIMAL_POINT - Success
-- Configuring done (5.3s)
-- Generating done (0.0s)
CMake Warning:
  Manually-specified variables were not used by the project:

    _VCPKG_ROOT_DIR


-- Build files have been written to: C:/Program Files (x86)/Steam/steamapps/common/Quake 2/rerelease/SuperDuper/rerelease/vcpkg_installed/x64-windows-static/vcpkg/blds/jsoncpp/x64-windows-static-dbg
